\BOOKMARK [0][-]{chapter*.1}{\376\377\166\356\137\125}{}% 1
\BOOKMARK [0][-]{chapter.0.1}{\376\377\173\054\116\000\172\340\000\040\000\040\000a}{}% 2
\BOOKMARK [0][-]{chapter.0.2}{\376\377\173\054\116\214\172\340\000\040\000\040\000b}{}% 3
\BOOKMARK [0][-]{chapter.0.3}{\376\377\173\054\116\011\172\340\000\040\000\040\000c}{}% 4
\BOOKMARK [0][-]{chapter.0.4}{\376\377\173\054\126\333\172\340\000\040\000\040\000d}{}% 5
\BOOKMARK [0][-]{chapter.0.5}{\376\377\173\054\116\224\172\340\000\040\000\040\000e}{}% 6
\BOOKMARK [0][-]{chapter.0.6}{\376\377\173\054\121\155\172\340\000\040\000\040\000f}{}% 7
\BOOKMARK [0][-]{chapter.0.7}{\376\377\173\054\116\003\172\340\000\040\000\040\000g}{}% 8
\BOOKMARK [0][-]{chapter.0.8}{\376\377\173\054\121\153\172\340\000\040\000\040\000h}{}% 9
\BOOKMARK [0][-]{chapter.0.9}{\376\377\173\054\116\135\172\340\000\040\000\040\000i}{}% 10
\BOOKMARK [0][-]{chapter.0.10}{\376\377\173\054\123\101\172\340\000\040\000\040\000j}{}% 11
\BOOKMARK [0][-]{chapter.0.11}{\376\377\173\054\123\101\116\000\172\340\000\040\000\040\000k}{}% 12
\BOOKMARK [0][-]{chapter.0.12}{\376\377\173\054\123\101\116\214\172\340\000\040\000\040\000l}{}% 13
\BOOKMARK [0][-]{chapter.0.13}{\376\377\173\054\123\101\116\011\172\340\000\040\000\040\000m}{}% 14
\BOOKMARK [0][-]{chapter.0.14}{\376\377\173\054\123\101\126\333\172\340\000\040\000\040\000n}{}% 15
\BOOKMARK [0][-]{chapter.0.15}{\376\377\173\054\123\101\116\224\172\340\000\040\000\040\000o}{}% 16
\BOOKMARK [0][-]{chapter.0.16}{\376\377\173\054\123\101\121\155\172\340\000\040\000\040\000p}{}% 17
\BOOKMARK [0][-]{chapter.0.17}{\376\377\173\054\123\101\116\003\172\340\000\040\000\040\000q}{}% 18
\BOOKMARK [0][-]{chapter.0.18}{\376\377\173\054\123\101\121\153\172\340\000\040\000\040\000r}{}% 19
\BOOKMARK [0][-]{chapter.0.19}{\376\377\173\054\123\101\116\135\172\340\000\040\000\040\000s}{}% 20
\BOOKMARK [0][-]{chapter.0.20}{\376\377\173\054\116\214\123\101\172\340\000\040\000\040\000t}{}% 21
\BOOKMARK [0][-]{chapter.0.21}{\376\377\173\054\116\214\123\101\116\000\172\340\000\040\000\040\000u}{}% 22
\BOOKMARK [0][-]{chapter.0.22}{\376\377\173\054\116\214\123\101\116\214\172\340\000\040\000\040\000v}{}% 23
\BOOKMARK [0][-]{chapter.0.23}{\376\377\173\054\116\214\123\101\116\011\172\340\000\040\000\040\000w}{}% 24
\BOOKMARK [0][-]{chapter.0.24}{\376\377\173\054\116\214\123\101\126\333\172\340\000\040\000\040\000x}{}% 25
\BOOKMARK [0][-]{chapter.0.25}{\376\377\173\054\116\214\123\101\116\224\172\340\000\040\000\040\000y}{}% 26
\BOOKMARK [0][-]{chapter.0.26}{\376\377\173\054\116\214\123\101\121\155\172\340\000\040\000\040\000z}{}% 27
