\BOOKMARK [0][-]{chapter*.1}{\376\377\166\356\137\125}{}% 1
\BOOKMARK [0][-]{chapter.0.1}{\376\377\173\054\116\000\172\340\000\040\000\040\000p\000r\000o\000n\000u\000n\000c\000i\000a\000t\000i\000o\000n}{}% 2
\BOOKMARK [1][-]{section.0.1.1}{\376\377\0001\000\040\000l\000a\000t\000e\000x}{chapter.0.1}% 3
\BOOKMARK [1][-]{section.0.1.2}{\376\377\0002\000\040\0002\0006\116\052\133\127\153\315}{chapter.0.1}% 4
\BOOKMARK [1][-]{section.0.1.3}{\376\377\0003\000\040\0004\0008\116\052\126\375\226\105\227\363\150\007}{chapter.0.1}% 5
\BOOKMARK [2][-]{subsection.0.1.3.1}{\376\377\0003\000.\0001\000\040\122\115\121\103\227\363\000I}{section.0.1.3}% 6
\BOOKMARK [2][-]{subsection.0.1.3.2}{\376\377\0003\000.\0002\000\040\122\115\121\103\227\363\000I\002\320}{section.0.1.3}% 7
\BOOKMARK [0][-]{chapter.0.2}{\376\377\173\054\116\214\172\340\000\040\000\040\000v\000o\000c\000a\000b\000u\000l\000a\000r\000y}{}% 8
\BOOKMARK [1][-]{section.0.2.1}{\376\377\0001\000\040\000a}{chapter.0.2}% 9
\BOOKMARK [1][-]{section.0.2.2}{\376\377\0002\000\040\000b}{chapter.0.2}% 10
\BOOKMARK [1][-]{section.0.2.3}{\376\377\0003\000\040\000c}{chapter.0.2}% 11
\BOOKMARK [1][-]{section.0.2.4}{\376\377\0004\000\040\000d}{chapter.0.2}% 12
\BOOKMARK [1][-]{section.0.2.5}{\376\377\0005\000\040\000e}{chapter.0.2}% 13
\BOOKMARK [1][-]{section.0.2.6}{\376\377\0006\000\040\000f}{chapter.0.2}% 14
\BOOKMARK [1][-]{section.0.2.7}{\376\377\0007\000\040\000g}{chapter.0.2}% 15
\BOOKMARK [1][-]{section.0.2.8}{\376\377\0008\000\040\000h}{chapter.0.2}% 16
\BOOKMARK [1][-]{section.0.2.9}{\376\377\0009\000\040\000i}{chapter.0.2}% 17
\BOOKMARK [1][-]{section.0.2.10}{\376\377\0001\0000\000\040\000j}{chapter.0.2}% 18
\BOOKMARK [1][-]{section.0.2.11}{\376\377\0001\0001\000\040\000k}{chapter.0.2}% 19
\BOOKMARK [1][-]{section.0.2.12}{\376\377\0001\0002\000\040\000l}{chapter.0.2}% 20
\BOOKMARK [1][-]{section.0.2.13}{\376\377\0001\0003\000\040\000m}{chapter.0.2}% 21
\BOOKMARK [1][-]{section.0.2.14}{\376\377\0001\0004\000\040\000n}{chapter.0.2}% 22
\BOOKMARK [1][-]{section.0.2.15}{\376\377\0001\0005\000\040\000o}{chapter.0.2}% 23
\BOOKMARK [1][-]{section.0.2.16}{\376\377\0001\0006\000\040\000p}{chapter.0.2}% 24
\BOOKMARK [1][-]{section.0.2.17}{\376\377\0001\0007\000\040\000q}{chapter.0.2}% 25
\BOOKMARK [1][-]{section.0.2.18}{\376\377\0001\0008\000\040\000r}{chapter.0.2}% 26
\BOOKMARK [1][-]{section.0.2.19}{\376\377\0001\0009\000\040\000s}{chapter.0.2}% 27
\BOOKMARK [1][-]{section.0.2.20}{\376\377\0002\0000\000\040\000t}{chapter.0.2}% 28
\BOOKMARK [1][-]{section.0.2.21}{\376\377\0002\0001\000\040\000u}{chapter.0.2}% 29
\BOOKMARK [1][-]{section.0.2.22}{\376\377\0002\0002\000\040\000v}{chapter.0.2}% 30
\BOOKMARK [1][-]{section.0.2.23}{\376\377\0002\0003\000\040\000w}{chapter.0.2}% 31
\BOOKMARK [1][-]{section.0.2.24}{\376\377\0002\0004\000\040\000x}{chapter.0.2}% 32
\BOOKMARK [1][-]{section.0.2.25}{\376\377\0002\0005\000\040\000y}{chapter.0.2}% 33
\BOOKMARK [1][-]{section.0.2.26}{\376\377\0002\0006\000\040\000z}{chapter.0.2}% 34
\BOOKMARK [1][-]{section.0.2.27}{\376\377\0002\0007\000\040}{chapter.0.2}% 35
\BOOKMARK [2][-]{subsection.0.2.27.1}{\376\377\0002\0007\000.\0001\000\040\000M\000o\000n\000t\000h}{section.0.2.27}% 36
\BOOKMARK [2][-]{subsection.0.2.27.2}{\376\377\0002\0007\000.\0002\000\040\000L\000e\000v\000e\000l}{section.0.2.27}% 37
\BOOKMARK [0][-]{chapter.0.3}{\376\377\173\054\116\011\172\340\000\040\000\040\000g\000r\000a\000m\000m\000a\000r}{}% 38
\BOOKMARK [1][-]{section.0.3.1}{\376\377\0001\000\040\116\073\213\355}{chapter.0.3}% 39
\BOOKMARK [1][-]{section.0.3.2}{\376\377\0002\000\040\214\023\213\355}{chapter.0.3}% 40
\BOOKMARK [1][-]{section.0.3.3}{\376\377\0003\000\040\133\276\213\355}{chapter.0.3}% 41
\BOOKMARK [1][-]{section.0.3.4}{\376\377\0004\000\040\133\232\213\355\116\316\123\345}{chapter.0.3}% 42
\BOOKMARK [2][-]{subsection.0.3.4.1}{\376\377\0004\000.\0001\000\040\000w\000h\000o}{section.0.3.4}% 43
\BOOKMARK [3][-]{subsubsection.0.3.4.1.1}{\376\377\0004\000.\0001\000.\0001\000\040}{subsection.0.3.4.1}% 44
\BOOKMARK [3][-]{subsubsection.0.3.4.1.2}{\376\377\0004\000.\0001\000.\0002\000\040}{subsection.0.3.4.1}% 45
\BOOKMARK [1][-]{section.0.3.5}{\376\377\0005\000\040\162\266\213\355\116\316\123\345}{chapter.0.3}% 46
\BOOKMARK [1][-]{section.0.3.6}{\376\377\0006\000\040\210\145\213\355}{chapter.0.3}% 47
\BOOKMARK [0][-]{chapter.0.4}{\376\377\173\054\126\333\172\340\000\040\000\040\000s\000e\000n\000t\000e\000n\000c\000e}{}% 48
\BOOKMARK [1][-]{section.0.4.1}{\376\377\0001\000\040\000d}{chapter.0.4}% 49
\BOOKMARK [1][-]{section.0.4.2}{\376\377\0002\000\040\000N\000e\000w\000\040\000C\000o\000n\000c\000e\000p\000t\145\260\151\202\137\365}{chapter.0.4}% 50
\BOOKMARK [2][-]{subsection.0.4.2.1}{\376\377\0002\000.\0001\000\040\173\054\116\000\121\214}{section.0.4.2}% 51
\BOOKMARK [2][-]{subsection.0.4.2.2}{\376\377\0002\000.\0002\000\040\173\054\116\214\121\214}{section.0.4.2}% 52
\BOOKMARK [2][-]{subsection.0.4.2.3}{\376\377\0002\000.\0003\000\040\173\054\116\011\121\214}{section.0.4.2}% 53
\BOOKMARK [2][-]{subsection.0.4.2.4}{\376\377\0002\000.\0004\000\040\173\054\126\333\121\214}{section.0.4.2}% 54
\BOOKMARK [1][-]{section.0.4.3}{\376\377\0003\000\040\000T\000h\000e\000\040\000O\000l\000d\000\040\000M\000a\000n\000\040\000a\000n\000d\000\040\000t\000h\000e\000\040\000S\000e\000a}{chapter.0.4}% 55
\BOOKMARK [2][-]{subsection.0.4.3.1}{\376\377\0003\000.\0001\000\040\0000\0001}{section.0.4.3}% 56
\BOOKMARK [2][-]{subsection.0.4.3.2}{\376\377\0003\000.\0002\000\040\0000\0002}{section.0.4.3}% 57
\BOOKMARK [2][-]{subsection.0.4.3.3}{\376\377\0003\000.\0003\000\040\0000\0003}{section.0.4.3}% 58
\BOOKMARK [2][-]{subsection.0.4.3.4}{\376\377\0003\000.\0004\000\040\0000\0004}{section.0.4.3}% 59
\BOOKMARK [2][-]{subsection.0.4.3.5}{\376\377\0003\000.\0005\000\040\0000\0005}{section.0.4.3}% 60
\BOOKMARK [2][-]{subsection.0.4.3.6}{\376\377\0003\000.\0006\000\040\0000\0006}{section.0.4.3}% 61
\BOOKMARK [2][-]{subsection.0.4.3.7}{\376\377\0003\000.\0007\000\040\0000\0007}{section.0.4.3}% 62
\BOOKMARK [2][-]{subsection.0.4.3.8}{\376\377\0003\000.\0008\000\040\0000\0008}{section.0.4.3}% 63
\BOOKMARK [2][-]{subsection.0.4.3.9}{\376\377\0003\000.\0009\000\040\0000\0009}{section.0.4.3}% 64
\BOOKMARK [2][-]{subsection.0.4.3.10}{\376\377\0003\000.\0001\0000\000\040\0001\0000}{section.0.4.3}% 65
\BOOKMARK [2][-]{subsection.0.4.3.11}{\376\377\0003\000.\0001\0001\000\040\0001\0001}{section.0.4.3}% 66
\BOOKMARK [2][-]{subsection.0.4.3.12}{\376\377\0003\000.\0001\0002\000\040\0001\0002}{section.0.4.3}% 67
\BOOKMARK [2][-]{subsection.0.4.3.13}{\376\377\0003\000.\0001\0003\000\040\0001\0003}{section.0.4.3}% 68
\BOOKMARK [2][-]{subsection.0.4.3.14}{\376\377\0003\000.\0001\0004\000\040\0001\0004}{section.0.4.3}% 69
\BOOKMARK [2][-]{subsection.0.4.3.15}{\376\377\0003\000.\0001\0005\000\040\0001\0005}{section.0.4.3}% 70
\BOOKMARK [2][-]{subsection.0.4.3.16}{\376\377\0003\000.\0001\0006\000\040\0001\0006}{section.0.4.3}% 71
\BOOKMARK [2][-]{subsection.0.4.3.17}{\376\377\0003\000.\0001\0007\000\040\0001\0007}{section.0.4.3}% 72
\BOOKMARK [2][-]{subsection.0.4.3.18}{\376\377\0003\000.\0001\0008\000\040\0001\0008}{section.0.4.3}% 73
\BOOKMARK [2][-]{subsection.0.4.3.19}{\376\377\0003\000.\0001\0009\000\040\0001\0009}{section.0.4.3}% 74
\BOOKMARK [2][-]{subsection.0.4.3.20}{\376\377\0003\000.\0002\0000\000\040\0002\0000}{section.0.4.3}% 75
\BOOKMARK [2][-]{subsection.0.4.3.21}{\376\377\0003\000.\0002\0001\000\040\0002\0001}{section.0.4.3}% 76
\BOOKMARK [2][-]{subsection.0.4.3.22}{\376\377\0003\000.\0002\0002\000\040\0002\0002}{section.0.4.3}% 77
\BOOKMARK [2][-]{subsection.0.4.3.23}{\376\377\0003\000.\0002\0003\000\040\0002\0003}{section.0.4.3}% 78
\BOOKMARK [2][-]{subsection.0.4.3.24}{\376\377\0003\000.\0002\0004\000\040\0002\0004}{section.0.4.3}% 79
\BOOKMARK [2][-]{subsection.0.4.3.25}{\376\377\0003\000.\0002\0005\000\040\0002\0005}{section.0.4.3}% 80
\BOOKMARK [2][-]{subsection.0.4.3.26}{\376\377\0003\000.\0002\0006\000\040\0002\0006}{section.0.4.3}% 81
\BOOKMARK [2][-]{subsection.0.4.3.27}{\376\377\0003\000.\0002\0007\000\040\0002\0007}{section.0.4.3}% 82
\BOOKMARK [2][-]{subsection.0.4.3.28}{\376\377\0003\000.\0002\0008\000\040\0002\0008}{section.0.4.3}% 83
\BOOKMARK [2][-]{subsection.0.4.3.29}{\376\377\0003\000.\0002\0009\000\040\0002\0009}{section.0.4.3}% 84
\BOOKMARK [2][-]{subsection.0.4.3.30}{\376\377\0003\000.\0003\0000\000\040\0003\0000}{section.0.4.3}% 85
\BOOKMARK [2][-]{subsection.0.4.3.31}{\376\377\0003\000.\0003\0001\000\040\0003\0001}{section.0.4.3}% 86
\BOOKMARK [2][-]{subsection.0.4.3.32}{\376\377\0003\000.\0003\0002\000\040\0003\0002}{section.0.4.3}% 87
\BOOKMARK [2][-]{subsection.0.4.3.33}{\376\377\0003\000.\0003\0003\000\040\0003\0003}{section.0.4.3}% 88
\BOOKMARK [2][-]{subsection.0.4.3.34}{\376\377\0003\000.\0003\0004\000\040\0003\0004}{section.0.4.3}% 89
\BOOKMARK [2][-]{subsection.0.4.3.35}{\376\377\0003\000.\0003\0005\000\040\0003\0005}{section.0.4.3}% 90
\BOOKMARK [2][-]{subsection.0.4.3.36}{\376\377\0003\000.\0003\0006\000\040\0003\0006}{section.0.4.3}% 91
\BOOKMARK [2][-]{subsection.0.4.3.37}{\376\377\0003\000.\0003\0007\000\040\0003\0007}{section.0.4.3}% 92
\BOOKMARK [2][-]{subsection.0.4.3.38}{\376\377\0003\000.\0003\0008\000\040\0003\0008}{section.0.4.3}% 93
\BOOKMARK [2][-]{subsection.0.4.3.39}{\376\377\0003\000.\0003\0009\000\040\0003\0009}{section.0.4.3}% 94
\BOOKMARK [2][-]{subsection.0.4.3.40}{\376\377\0003\000.\0004\0000\000\040\0004\0000}{section.0.4.3}% 95
\BOOKMARK [2][-]{subsection.0.4.3.41}{\376\377\0003\000.\0004\0001\000\040\0004\0001}{section.0.4.3}% 96
\BOOKMARK [2][-]{subsection.0.4.3.42}{\376\377\0003\000.\0004\0002\000\040\0004\0002}{section.0.4.3}% 97
\BOOKMARK [2][-]{subsection.0.4.3.43}{\376\377\0003\000.\0004\0003\000\040\0004\0003}{section.0.4.3}% 98
\BOOKMARK [2][-]{subsection.0.4.3.44}{\376\377\0003\000.\0004\0004\000\040\0004\0004}{section.0.4.3}% 99
\BOOKMARK [2][-]{subsection.0.4.3.45}{\376\377\0003\000.\0004\0005\000\040\0004\0005}{section.0.4.3}% 100
\BOOKMARK [2][-]{subsection.0.4.3.46}{\376\377\0003\000.\0004\0006\000\040\0004\0006}{section.0.4.3}% 101
\BOOKMARK [2][-]{subsection.0.4.3.47}{\376\377\0003\000.\0004\0007\000\040\0004\0007}{section.0.4.3}% 102
\BOOKMARK [2][-]{subsection.0.4.3.48}{\376\377\0003\000.\0004\0008\000\040\0004\0008}{section.0.4.3}% 103
\BOOKMARK [2][-]{subsection.0.4.3.49}{\376\377\0003\000.\0004\0009\000\040\0004\0009}{section.0.4.3}% 104
\BOOKMARK [2][-]{subsection.0.4.3.50}{\376\377\0003\000.\0005\0000\000\040\0005\0000}{section.0.4.3}% 105
\BOOKMARK [2][-]{subsection.0.4.3.51}{\376\377\0003\000.\0005\0001\000\040\0005\0001}{section.0.4.3}% 106
